# JRE version: Java(TM) SE Runtime Environment (22.0.2+9) (build 22.0.2+9-70)
# Java VM: Java HotSpot(TM) 64-Bit Server VM (22.0.2+9-70, mixed mode, sharing, tiered, compressed oops, compressed class ptrs, g1 gc, bsd-aarch64)
GC Precious Log:
 CardTable entry size: 512
 Card Set container configuration: InlinePtr #cards 5 size 8 Array Of Cards #cards 12 size 40 Howl #buckets 4 coarsen threshold 1843 Howl Bitmap #cards 512 size 80 coarsen threshold 460 Card regions per heap region 1 cards per card region 2048
 CPUs: 8 total, 8 available
 Memory: 8192M
 Large Page Support: Disabled
 NUMA Support: Disabled
 Compressed Oops: Enabled (Zero based)
 Heap Region Size: 1M
 Heap Min Capacity: 8M
 Heap Initial Capacity: 128M
 Heap Max Capacity: 1G
 Pre-touch: Disabled
 Parallel Workers: 8
 Concurrent Workers: 2
 Concurrent Refinement Workers: 8
 Periodic GC: Disabled
Heap:
 garbage-first heap   total reserved 1048576K, committed 276480K, used 83114K [0x00000007c0000000, 0x0000000800000000)
  region size 1024K, 4 young (4096K), 0 survivors (0K)
 Metaspace       used 11244K, committed 11520K, reserved 1114112K
  class space    used 1688K, committed 1856K, reserved 1048576K
GC Heap History (20 events):
Event: 28.261 GC heap before
{Heap before GC invocations=34 (full 10):
 garbage-first heap   total reserved 1048576K, committed 163840K, used 80743K [0x00000007c0000000, 0x0000000800000000)
  region size 1024K, 36 young (36864K), 3 survivors (3072K)
 Metaspace       used 10710K, committed 10880K, reserved 1114112K
  class space    used 1601K, committed 1664K, reserved 1048576K
}
Event: 28.301 GC heap after
{Heap after GC invocations=35 (full 11):
 garbage-first heap   total reserved 1048576K, committed 163840K, used 47018K [0x00000007c0000000, 0x0000000800000000)
  region size 1024K, 0 young (0K), 0 survivors (0K)
 Metaspace       used 10710K, committed 10880K, reserved 1114112K
  class space    used 1601K, committed 1664K, reserved 1048576K
}
Event: 28.431 GC heap before
{Heap before GC invocations=35 (full 11):
 garbage-first heap   total reserved 1048576K, committed 163840K, used 86954K [0x00000007c0000000, 0x0000000800000000)
  region size 1024K, 40 young (40960K), 0 survivors (0K)
 Metaspace       used 10710K, committed 10880K, reserved 1114112K
  class space    used 1601K, committed 1664K, reserved 1048576K
}
Event: 28.474 GC heap after
{Heap after GC invocations=36 (full 12):
 garbage-first heap   total reserved 1048576K, committed 163840K, used 47172K [0x00000007c0000000, 0x0000000800000000)
  region size 1024K, 0 young (0K), 0 survivors (0K)
 Metaspace       used 10710K, committed 10880K, reserved 1114112K
  class space    used 1601K, committed 1664K, reserved 1048576K
}
Event: 28.607 GC heap before
{Heap before GC invocations=36 (full 12):
 garbage-first heap   total reserved 1048576K, committed 163840K, used 93252K [0x00000007c0000000, 0x0000000800000000)
  region size 1024K, 46 young (47104K), 0 survivors (0K)
 Metaspace       used 10710K, committed 10880K, reserved 1114112K
  class space    used 1601K, committed 1664K, reserved 1048576K
}
Event: 28.646 GC heap after
{Heap after GC invocations=37 (full 13):
 garbage-first heap   total reserved 1048576K, committed 163840K, used 47349K [0x00000007c0000000, 0x0000000800000000)
  region size 1024K, 0 young (0K), 0 survivors (0K)
 Metaspace       used 10710K, committed 10880K, reserved 1114112K
  class space    used 1601K, committed 1664K, reserved 1048576K
}
Event: 28.786 GC heap before
{Heap before GC invocations=37 (full 13):
 garbage-first heap   total reserved 1048576K, committed 163840K, used 105717K [0x00000007c0000000, 0x0000000800000000)
  region size 1024K, 58 young (59392K), 0 survivors (0K)
 Metaspace       used 10754K, committed 10944K, reserved 1114112K
  class space    used 1607K, committed 1664K, reserved 1048576K
}
Event: 28.836 GC heap after
{Heap after GC invocations=38 (full 14):
 garbage-first heap   total reserved 1048576K, committed 163840K, used 51774K [0x00000007c0000000, 0x0000000800000000)
  region size 1024K, 0 young (0K), 0 survivors (0K)
 Metaspace       used 10754K, committed 10944K, reserved 1114112K
  class space    used 1607K, committed 1664K, reserved 1048576K
}
Event: 28.973 GC heap before
{Heap before GC invocations=38 (full 14):
 garbage-first heap   total reserved 1048576K, committed 163840K, used 131646K [0x00000007c0000000, 0x0000000800000000)
  region size 1024K, 79 young (80896K), 0 survivors (0K)
 Metaspace       used 10756K, committed 10944K, reserved 1114112K
  class space    used 1607K, committed 1664K, reserved 1048576K
}
Event: 29.052 GC heap after
{Heap after GC invocations=39 (full 15):
 garbage-first heap   total reserved 1048576K, committed 163840K, used 61146K [0x00000007c0000000, 0x0000000800000000)
  region size 1024K, 0 young (0K), 0 survivors (0K)
 Metaspace       used 10756K, committed 10944K, reserved 1114112K
  class space    used 1607K, committed 1664K, reserved 1048576K
}
Event: 29.188 GC heap before
{Heap before GC invocations=39 (full 15):
 garbage-first heap   total reserved 1048576K, committed 163840K, used 137946K [0x00000007c0000000, 0x0000000800000000)
  region size 1024K, 75 young (76800K), 0 survivors (0K)
 Metaspace       used 10838K, committed 11072K, reserved 1114112K
  class space    used 1641K, committed 1728K, reserved 1048576K
}
Event: 29.197 GC heap after
{Heap after GC invocations=40 (full 15):
 garbage-first heap   total reserved 1048576K, committed 163840K, used 70247K [0x00000007c0000000, 0x0000000800000000)
  region size 1024K, 9 young (9216K), 9 survivors (9216K)
 Metaspace       used 10838K, committed 11072K, reserved 1114112K
  class space    used 1641K, committed 1728K, reserved 1048576K
}
Event: 29.285 GC heap before
{Heap before GC invocations=40 (full 15):
 garbage-first heap   total reserved 1048576K, committed 163840K, used 138855K [0x00000007c0000000, 0x0000000800000000)
  region size 1024K, 76 young (77824K), 9 survivors (9216K)
 Metaspace       used 10840K, committed 11072K, reserved 1114112K
  class space    used 1641K, committed 1728K, reserved 1048576K
}
Event: 29.302 GC heap after
{Heap after GC invocations=41 (full 15):
 garbage-first heap   total reserved 1048576K, committed 163840K, used 78817K [0x00000007c0000000, 0x0000000800000000)
  region size 1024K, 9 young (9216K), 9 survivors (9216K)
 Metaspace       used 10840K, committed 11072K, reserved 1114112K
  class space    used 1641K, committed 1728K, reserved 1048576K
}
Event: 29.381 GC heap before
{Heap before GC invocations=41 (full 15):
 garbage-first heap   total reserved 1048576K, committed 163840K, used 140257K [0x00000007c0000000, 0x0000000800000000)
  region size 1024K, 69 young (70656K), 9 survivors (9216K)
 Metaspace       used 10840K, committed 11072K, reserved 1114112K
  class space    used 1641K, committed 1728K, reserved 1048576K
}
Event: 29.397 GC heap after
{Heap after GC invocations=42 (full 15):
 garbage-first heap   total reserved 1048576K, committed 163840K, used 86234K [0x00000007c0000000, 0x0000000800000000)
  region size 1024K, 9 young (9216K), 9 survivors (9216K)
 Metaspace       used 10840K, committed 11072K, reserved 1114112K
  class space    used 1641K, committed 1728K, reserved 1048576K
}
Event: 29.465 GC heap before
{Heap before GC invocations=42 (full 15):
 garbage-first heap   total reserved 1048576K, committed 163840K, used 142554K [0x00000007c0000000, 0x0000000800000000)
  region size 1024K, 64 young (65536K), 9 survivors (9216K)
 Metaspace       used 10841K, committed 11072K, reserved 1114112K
  class space    used 1641K, committed 1728K, reserved 1048576K
}
Event: 29.480 GC heap after
{Heap after GC invocations=43 (full 15):
 garbage-first heap   total reserved 1048576K, committed 377856K, used 91866K [0x00000007c0000000, 0x0000000800000000)
  region size 1024K, 6 young (6144K), 6 survivors (6144K)
 Metaspace       used 10841K, committed 11072K, reserved 1114112K
  class space    used 1641K, committed 1728K, reserved 1048576K
}
Event: 29.621 GC heap before
{Heap before GC invocations=44 (full 15):
 garbage-first heap   total reserved 1048576K, committed 314368K, used 96986K [0x00000007c0000000, 0x0000000800000000)
  region size 1024K, 12 young (12288K), 6 survivors (6144K)
 Metaspace       used 11092K, committed 11328K, reserved 1114112K
  class space    used 1667K, committed 1792K, reserved 1048576K
}
Event: 29.677 GC heap after
{Heap after GC invocations=45 (full 16):
 garbage-first heap   total reserved 1048576K, committed 276480K, used 80042K [0x00000007c0000000, 0x0000000800000000)
  region size 1024K, 0 young (0K), 0 survivors (0K)
 Metaspace       used 11092K, committed 11328K, reserved 1114112K
  class space    used 1667K, committed 1792K, reserved 1048576K
}

