# JRE version: Java(TM) SE Runtime Environment (22.0.2+9) (build 22.0.2+9-70)
# Java VM: Java HotSpot(TM) 64-Bit Server VM (22.0.2+9-70, mixed mode, sharing, tiered, compressed oops, compressed class ptrs, g1 gc, bsd-aarch64)
GC Precious Log:
 CardTable entry size: 512
 Card Set container configuration: InlinePtr #cards 5 size 8 Array Of Cards #cards 12 size 40 Howl #buckets 4 coarsen threshold 1843 Howl Bitmap #cards 512 size 80 coarsen threshold 460 Card regions per heap region 1 cards per card region 2048
 CPUs: 8 total, 8 available
 Memory: 8192M
 Large Page Support: Disabled
 NUMA Support: Disabled
 Compressed Oops: Enabled (Zero based)
 Heap Region Size: 1M
 Heap Min Capacity: 8M
 Heap Initial Capacity: 128M
 Heap Max Capacity: 1G
 Pre-touch: Disabled
 Parallel Workers: 8
 Concurrent Workers: 2
 Concurrent Refinement Workers: 8
 Periodic GC: Disabled
Heap:
 garbage-first heap   total reserved 1048576K, committed 273408K, used 175077K [0x00000007c0000000, 0x0000000800000000)
  region size 1024K, 95 young (97280K), 1 survivors (1024K)
 Metaspace       used 11285K, committed 11584K, reserved 1114112K
  class space    used 1693K, committed 1856K, reserved 1048576K
GC Heap History (20 events):
Event: 11.017 GC heap before
{Heap before GC invocations=45 (full 14):
 garbage-first heap   total reserved 1048576K, committed 276480K, used 244960K [0x00000007c0000000, 0x0000000800000000)
  region size 1024K, 162 young (165888K), 1 survivors (1024K)
 Metaspace       used 11148K, committed 11456K, reserved 1114112K
  class space    used 1678K, committed 1856K, reserved 1048576K
}
Event: 11.018 GC heap after
{Heap after GC invocations=46 (full 14):
 garbage-first heap   total reserved 1048576K, committed 276480K, used 79917K [0x00000007c0000000, 0x0000000800000000)
  region size 1024K, 1 young (1024K), 1 survivors (1024K)
 Metaspace       used 11148K, committed 11456K, reserved 1114112K
  class space    used 1678K, committed 1856K, reserved 1048576K
}
Event: 11.114 GC heap before
{Heap before GC invocations=46 (full 14):
 garbage-first heap   total reserved 1048576K, committed 276480K, used 80941K [0x00000007c0000000, 0x0000000800000000)
  region size 1024K, 3 young (3072K), 1 survivors (1024K)
 Metaspace       used 11148K, committed 11456K, reserved 1114112K
  class space    used 1678K, committed 1856K, reserved 1048576K
}
Event: 11.163 GC heap after
{Heap after GC invocations=47 (full 15):
 garbage-first heap   total reserved 1048576K, committed 273408K, used 79819K [0x00000007c0000000, 0x0000000800000000)
  region size 1024K, 0 young (0K), 0 survivors (0K)
 Metaspace       used 11148K, committed 11456K, reserved 1114112K
  class space    used 1678K, committed 1856K, reserved 1048576K
}
Event: 11.285 GC heap before
{Heap before GC invocations=47 (full 15):
 garbage-first heap   total reserved 1048576K, committed 273408K, used 80843K [0x00000007c0000000, 0x0000000800000000)
  region size 1024K, 2 young (2048K), 0 survivors (0K)
 Metaspace       used 11148K, committed 11456K, reserved 1114112K
  class space    used 1678K, committed 1856K, reserved 1048576K
}
Event: 11.346 GC heap after
{Heap after GC invocations=48 (full 16):
 garbage-first heap   total reserved 1048576K, committed 273408K, used 79819K [0x00000007c0000000, 0x0000000800000000)
  region size 1024K, 0 young (0K), 0 survivors (0K)
 Metaspace       used 11148K, committed 11456K, reserved 1114112K
  class space    used 1678K, committed 1856K, reserved 1048576K
}
Event: 25.158 GC heap before
{Heap before GC invocations=48 (full 16):
 garbage-first heap   total reserved 1048576K, committed 273408K, used 143307K [0x00000007c0000000, 0x0000000800000000)
  region size 1024K, 63 young (64512K), 0 survivors (0K)
 Metaspace       used 11152K, committed 11456K, reserved 1114112K
  class space    used 1678K, committed 1856K, reserved 1048576K
}
Event: 25.236 GC heap after
{Heap after GC invocations=49 (full 17):
 garbage-first heap   total reserved 1048576K, committed 273408K, used 79817K [0x00000007c0000000, 0x0000000800000000)
  region size 1024K, 0 young (0K), 0 survivors (0K)
 Metaspace       used 11152K, committed 11456K, reserved 1114112K
  class space    used 1678K, committed 1856K, reserved 1048576K
}
Event: 25.239 GC heap before
{Heap before GC invocations=49 (full 17):
 garbage-first heap   total reserved 1048576K, committed 273408K, used 79817K [0x00000007c0000000, 0x0000000800000000)
  region size 1024K, 1 young (1024K), 0 survivors (0K)
 Metaspace       used 11152K, committed 11456K, reserved 1114112K
  class space    used 1678K, committed 1856K, reserved 1048576K
}
Event: 25.286 GC heap after
{Heap after GC invocations=50 (full 18):
 garbage-first heap   total reserved 1048576K, committed 273408K, used 79817K [0x00000007c0000000, 0x0000000800000000)
  region size 1024K, 0 young (0K), 0 survivors (0K)
 Metaspace       used 11152K, committed 11456K, reserved 1114112K
  class space    used 1678K, committed 1856K, reserved 1048576K
}
Event: 25.468 GC heap before
{Heap before GC invocations=50 (full 18):
 garbage-first heap   total reserved 1048576K, committed 273408K, used 79817K [0x00000007c0000000, 0x0000000800000000)
  region size 1024K, 0 young (0K), 0 survivors (0K)
 Metaspace       used 11152K, committed 11456K, reserved 1114112K
  class space    used 1678K, committed 1856K, reserved 1048576K
}
Event: 25.523 GC heap after
{Heap after GC invocations=51 (full 19):
 garbage-first heap   total reserved 1048576K, committed 273408K, used 79817K [0x00000007c0000000, 0x0000000800000000)
  region size 1024K, 0 young (0K), 0 survivors (0K)
 Metaspace       used 11152K, committed 11456K, reserved 1114112K
  class space    used 1678K, committed 1856K, reserved 1048576K
}
Event: 49.126 GC heap before
{Heap before GC invocations=51 (full 19):
 garbage-first heap   total reserved 1048576K, committed 273408K, used 243657K [0x00000007c0000000, 0x0000000800000000)
  region size 1024K, 160 young (163840K), 0 survivors (0K)
 Metaspace       used 11164K, committed 11456K, reserved 1114112K
  class space    used 1678K, committed 1856K, reserved 1048576K
}
Event: 49.127 GC heap after
{Heap after GC invocations=52 (full 19):
 garbage-first heap   total reserved 1048576K, committed 273408K, used 79848K [0x00000007c0000000, 0x0000000800000000)
  region size 1024K, 1 young (1024K), 1 survivors (1024K)
 Metaspace       used 11164K, committed 11456K, reserved 1114112K
  class space    used 1678K, committed 1856K, reserved 1048576K
}
Event: 49.320 GC heap before
{Heap before GC invocations=52 (full 19):
 garbage-first heap   total reserved 1048576K, committed 273408K, used 80872K [0x00000007c0000000, 0x0000000800000000)
  region size 1024K, 3 young (3072K), 1 survivors (1024K)
 Metaspace       used 11164K, committed 11456K, reserved 1114112K
  class space    used 1678K, committed 1856K, reserved 1048576K
}
Event: 49.375 GC heap after
{Heap after GC invocations=53 (full 20):
 garbage-first heap   total reserved 1048576K, committed 273408K, used 79825K [0x00000007c0000000, 0x0000000800000000)
  region size 1024K, 0 young (0K), 0 survivors (0K)
 Metaspace       used 11164K, committed 11456K, reserved 1114112K
  class space    used 1678K, committed 1856K, reserved 1048576K
}
Event: 49.478 GC heap before
{Heap before GC invocations=53 (full 20):
 garbage-first heap   total reserved 1048576K, committed 273408K, used 80849K [0x00000007c0000000, 0x0000000800000000)
  region size 1024K, 2 young (2048K), 0 survivors (0K)
 Metaspace       used 11164K, committed 11456K, reserved 1114112K
  class space    used 1678K, committed 1856K, reserved 1048576K
}
Event: 49.531 GC heap after
{Heap after GC invocations=54 (full 21):
 garbage-first heap   total reserved 1048576K, committed 273408K, used 79825K [0x00000007c0000000, 0x0000000800000000)
  region size 1024K, 0 young (0K), 0 survivors (0K)
 Metaspace       used 11164K, committed 11456K, reserved 1114112K
  class space    used 1678K, committed 1856K, reserved 1048576K
}
Event: 49.793 GC heap before
{Heap before GC invocations=54 (full 21):
 garbage-first heap   total reserved 1048576K, committed 273408K, used 243665K [0x00000007c0000000, 0x0000000800000000)
  region size 1024K, 160 young (163840K), 0 survivors (0K)
 Metaspace       used 11171K, committed 11456K, reserved 1114112K
  class space    used 1678K, committed 1856K, reserved 1048576K
}
Event: 49.794 GC heap after
{Heap after GC invocations=55 (full 21):
 garbage-first heap   total reserved 1048576K, committed 273408K, used 79845K [0x00000007c0000000, 0x0000000800000000)
  region size 1024K, 1 young (1024K), 1 survivors (1024K)
 Metaspace       used 11171K, committed 11456K, reserved 1114112K
  class space    used 1678K, committed 1856K, reserved 1048576K
}

