# JRE version: Java(TM) SE Runtime Environment (22.0.2+9) (build 22.0.2+9-70)
# Java VM: Java HotSpot(TM) 64-Bit Server VM (22.0.2+9-70, mixed mode, sharing, tiered, compressed oops, compressed class ptrs, g1 gc, bsd-aarch64)
GC Precious Log:
 CardTable entry size: 512
 Card Set container configuration: InlinePtr #cards 5 size 8 Array Of Cards #cards 12 size 40 Howl #buckets 4 coarsen threshold 1843 Howl Bitmap #cards 512 size 80 coarsen threshold 460 Card regions per heap region 1 cards per card region 2048
 CPUs: 8 total, 8 available
 Memory: 8192M
 Large Page Support: Disabled
 NUMA Support: Disabled
 Compressed Oops: Enabled (Zero based)
 Heap Region Size: 1M
 Heap Min Capacity: 8M
 Heap Initial Capacity: 128M
 Heap Max Capacity: 1G
 Pre-touch: Disabled
 Parallel Workers: 8
 Concurrent Workers: 2
 Concurrent Refinement Workers: 8
 Periodic GC: Disabled
Heap:
 garbage-first heap   total reserved 1048576K, committed 276480K, used 80236K [0x00000007c0000000, 0x0000000800000000)
  region size 1024K, 2 young (2048K), 0 survivors (0K)
 Metaspace       used 11324K, committed 11520K, reserved 1114112K
  class space    used 1691K, committed 1792K, reserved 1048576K
GC Heap History (20 events):
Event: 4402.005 GC heap before
{Heap before GC invocations=140 (full 99):
 garbage-first heap   total reserved 1048576K, committed 276480K, used 79215K [0x00000007c0000000, 0x0000000800000000)
  region size 1024K, 1 young (1024K), 0 survivors (0K)
 Metaspace       used 11228K, committed 11456K, reserved 1114112K
  class space    used 1676K, committed 1792K, reserved 1048576K
}
Event: 4402.042 GC heap after
{Heap after GC invocations=141 (full 100):
 garbage-first heap   total reserved 1048576K, committed 276480K, used 79215K [0x00000007c0000000, 0x0000000800000000)
  region size 1024K, 0 young (0K), 0 survivors (0K)
 Metaspace       used 11228K, committed 11456K, reserved 1114112K
  class space    used 1676K, committed 1792K, reserved 1048576K
}
Event: 4411.608 GC heap before
{Heap before GC invocations=141 (full 100):
 garbage-first heap   total reserved 1048576K, committed 276480K, used 245103K [0x00000007c0000000, 0x0000000800000000)
  region size 1024K, 162 young (165888K), 0 survivors (0K)
 Metaspace       used 11228K, committed 11456K, reserved 1114112K
  class space    used 1676K, committed 1792K, reserved 1048576K
}
Event: 4411.610 GC heap after
{Heap after GC invocations=142 (full 100):
 garbage-first heap   total reserved 1048576K, committed 344064K, used 79241K [0x00000007c0000000, 0x0000000800000000)
  region size 1024K, 1 young (1024K), 1 survivors (1024K)
 Metaspace       used 11228K, committed 11456K, reserved 1114112K
  class space    used 1676K, committed 1792K, reserved 1048576K
}
Event: 4413.226 GC heap before
{Heap before GC invocations=142 (full 100):
 garbage-first heap   total reserved 1048576K, committed 344064K, used 284041K [0x00000007c0000000, 0x0000000800000000)
  region size 1024K, 201 young (205824K), 1 survivors (1024K)
 Metaspace       used 11228K, committed 11456K, reserved 1114112K
  class space    used 1676K, committed 1792K, reserved 1048576K
}
Event: 4413.228 GC heap after
{Heap after GC invocations=143 (full 100):
 garbage-first heap   total reserved 1048576K, committed 344064K, used 79245K [0x00000007c0000000, 0x0000000800000000)
  region size 1024K, 1 young (1024K), 1 survivors (1024K)
 Metaspace       used 11228K, committed 11456K, reserved 1114112K
  class space    used 1676K, committed 1792K, reserved 1048576K
}
Event: 4413.933 GC heap before
{Heap before GC invocations=143 (full 100):
 garbage-first heap   total reserved 1048576K, committed 344064K, used 79245K [0x00000007c0000000, 0x0000000800000000)
  region size 1024K, 2 young (2048K), 1 survivors (1024K)
 Metaspace       used 11228K, committed 11456K, reserved 1114112K
  class space    used 1676K, committed 1792K, reserved 1048576K
}
Event: 4414.007 GC heap after
{Heap after GC invocations=144 (full 101):
 garbage-first heap   total reserved 1048576K, committed 276480K, used 79215K [0x00000007c0000000, 0x0000000800000000)
  region size 1024K, 0 young (0K), 0 survivors (0K)
 Metaspace       used 11228K, committed 11456K, reserved 1114112K
  class space    used 1676K, committed 1792K, reserved 1048576K
}
Event: 4414.390 GC heap before
{Heap before GC invocations=144 (full 101):
 garbage-first heap   total reserved 1048576K, committed 276480K, used 79215K [0x00000007c0000000, 0x0000000800000000)
  region size 1024K, 1 young (1024K), 0 survivors (0K)
 Metaspace       used 11228K, committed 11456K, reserved 1114112K
  class space    used 1676K, committed 1792K, reserved 1048576K
}
Event: 4414.430 GC heap after
{Heap after GC invocations=145 (full 102):
 garbage-first heap   total reserved 1048576K, committed 276480K, used 79215K [0x00000007c0000000, 0x0000000800000000)
  region size 1024K, 0 young (0K), 0 survivors (0K)
 Metaspace       used 11228K, committed 11456K, reserved 1114112K
  class space    used 1676K, committed 1792K, reserved 1048576K
}
Event: 4422.388 GC heap before
{Heap before GC invocations=145 (full 102):
 garbage-first heap   total reserved 1048576K, committed 276480K, used 245103K [0x00000007c0000000, 0x0000000800000000)
  region size 1024K, 162 young (165888K), 0 survivors (0K)
 Metaspace       used 11228K, committed 11456K, reserved 1114112K
  class space    used 1676K, committed 1792K, reserved 1048576K
}
Event: 4422.391 GC heap after
{Heap after GC invocations=146 (full 102):
 garbage-first heap   total reserved 1048576K, committed 276480K, used 79318K [0x00000007c0000000, 0x0000000800000000)
  region size 1024K, 1 young (1024K), 1 survivors (1024K)
 Metaspace       used 11228K, committed 11456K, reserved 1114112K
  class space    used 1676K, committed 1792K, reserved 1048576K
}
Event: 4423.096 GC heap before
{Heap before GC invocations=146 (full 102):
 garbage-first heap   total reserved 1048576K, committed 276480K, used 90582K [0x00000007c0000000, 0x0000000800000000)
  region size 1024K, 13 young (13312K), 1 survivors (1024K)
 Metaspace       used 11228K, committed 11456K, reserved 1114112K
  class space    used 1676K, committed 1792K, reserved 1048576K
}
Event: 4423.154 GC heap after
{Heap after GC invocations=147 (full 103):
 garbage-first heap   total reserved 1048576K, committed 276480K, used 79241K [0x00000007c0000000, 0x0000000800000000)
  region size 1024K, 0 young (0K), 0 survivors (0K)
 Metaspace       used 11228K, committed 11456K, reserved 1114112K
  class space    used 1676K, committed 1792K, reserved 1048576K
}
Event: 4423.574 GC heap before
{Heap before GC invocations=147 (full 103):
 garbage-first heap   total reserved 1048576K, committed 276480K, used 79241K [0x00000007c0000000, 0x0000000800000000)
  region size 1024K, 1 young (1024K), 0 survivors (0K)
 Metaspace       used 11228K, committed 11456K, reserved 1114112K
  class space    used 1676K, committed 1792K, reserved 1048576K
}
Event: 4423.606 GC heap after
{Heap after GC invocations=148 (full 104):
 garbage-first heap   total reserved 1048576K, committed 276480K, used 79241K [0x00000007c0000000, 0x0000000800000000)
  region size 1024K, 0 young (0K), 0 survivors (0K)
 Metaspace       used 11228K, committed 11456K, reserved 1114112K
  class space    used 1676K, committed 1792K, reserved 1048576K
}
Event: 4659.721 GC heap before
{Heap before GC invocations=148 (full 104):
 garbage-first heap   total reserved 1048576K, committed 276480K, used 116105K [0x00000007c0000000, 0x0000000800000000)
  region size 1024K, 37 young (37888K), 0 survivors (0K)
 Metaspace       used 11228K, committed 11456K, reserved 1114112K
  class space    used 1676K, committed 1792K, reserved 1048576K
}
Event: 4659.806 GC heap after
{Heap after GC invocations=149 (full 105):
 garbage-first heap   total reserved 1048576K, committed 276480K, used 79212K [0x00000007c0000000, 0x0000000800000000)
  region size 1024K, 0 young (0K), 0 survivors (0K)
 Metaspace       used 11228K, committed 11456K, reserved 1114112K
  class space    used 1676K, committed 1792K, reserved 1048576K
}
Event: 4660.703 GC heap before
{Heap before GC invocations=149 (full 105):
 garbage-first heap   total reserved 1048576K, committed 276480K, used 79212K [0x00000007c0000000, 0x0000000800000000)
  region size 1024K, 1 young (1024K), 0 survivors (0K)
 Metaspace       used 11228K, committed 11456K, reserved 1114112K
  class space    used 1676K, committed 1792K, reserved 1048576K
}
Event: 4660.782 GC heap after
{Heap after GC invocations=150 (full 106):
 garbage-first heap   total reserved 1048576K, committed 276480K, used 79212K [0x00000007c0000000, 0x0000000800000000)
  region size 1024K, 0 young (0K), 0 survivors (0K)
 Metaspace       used 11228K, committed 11456K, reserved 1114112K
  class space    used 1676K, committed 1792K, reserved 1048576K
}

